This file contains any messages produced by compilers while
running configure, to aid debugging if configure makes a mistake.

It was created by Maja configure 0.2.0, which was
generated by GNU Autoconf 2.68.  Invocation command line was

  $ ./configure --enable-maintainer-mode

## --------- ##
## Platform. ##
## --------- ##

hostname = digi-lin
uname -m = x86_64
uname -r = 3.2.0-41-generic
uname -s = Linux
uname -v = #66-Ubuntu SMP Thu Apr 25 03:27:11 UTC 2013

/usr/bin/uname -p = unknown
/bin/uname -X     = unknown

/bin/arch              = unknown
/usr/bin/arch -k       = unknown
/usr/convex/getsysinfo = unknown
/usr/bin/hostinfo      = unknown
/bin/machine           = unknown
/usr/bin/oslevel       = unknown
/bin/universe          = unknown

PATH: /usr/lib/lightdm/lightdm
PATH: /usr/local/sbin
PATH: /usr/local/bin
PATH: /usr/sbin
PATH: /usr/bin
PATH: /sbin
PATH: /bin
PATH: /usr/games


## ----------- ##
## Core tests. ##
## ----------- ##

configure:2159: checking for a BSD-compatible install
configure:2227: result: /usr/bin/install -c
configure:2238: checking whether build environment is sane
configure:2288: result: yes
configure:2429: checking for a thread-safe mkdir -p
configure:2468: result: /bin/mkdir -p
configure:2481: checking for gawk
configure:2511: result: no
configure:2481: checking for mawk
configure:2497: found /usr/bin/mawk
configure:2508: result: mawk
configure:2519: checking whether make sets $(MAKE)
configure:2541: result: yes
configure:2622: checking whether to enable maintainer-specific portions of Makefiles
configure:2631: result: yes
configure:2667: checking whether make supports nested variables
configure:2684: result: yes
configure:2749: checking for gcc
configure:2765: found /usr/bin/gcc
configure:2776: result: gcc
configure:3005: checking for C compiler version
configure:3014: gcc --version >&5
gcc (Ubuntu/Linaro 4.6.3-1ubuntu5) 4.6.3
Copyright (C) 2011 Free Software Foundation, Inc.
This is free software; see the source for copying conditions.  There is NO
warranty; not even for MERCHANTABILITY or FITNESS FOR A PARTICULAR PURPOSE.

configure:3025: $? = 0
configure:3014: gcc -v >&5
Using built-in specs.
COLLECT_GCC=gcc
COLLECT_LTO_WRAPPER=/usr/lib/gcc/x86_64-linux-gnu/4.6/lto-wrapper
Target: x86_64-linux-gnu
Configured with: ../src/configure -v --with-pkgversion='Ubuntu/Linaro 4.6.3-1ubuntu5' --with-bugurl=file:///usr/share/doc/gcc-4.6/README.Bugs --enable-languages=c,c++,fortran,objc,obj-c++ --prefix=/usr --program-suffix=-4.6 --enable-shared --enable-linker-build-id --with-system-zlib --libexecdir=/usr/lib --without-included-gettext --enable-threads=posix --with-gxx-include-dir=/usr/include/c++/4.6 --libdir=/usr/lib --enable-nls --with-sysroot=/ --enable-clocale=gnu --enable-libstdcxx-debug --enable-libstdcxx-time=yes --enable-gnu-unique-object --enable-plugin --enable-objc-gc --disable-werror --with-arch-32=i686 --with-tune=generic --enable-checking=release --build=x86_64-linux-gnu --host=x86_64-linux-gnu --target=x86_64-linux-gnu
Thread model: posix
gcc version 4.6.3 (Ubuntu/Linaro 4.6.3-1ubuntu5) 
configure:3025: $? = 0
configure:3014: gcc -V >&5
gcc: error: unrecognized option '-V'
gcc: fatal error: no input files
compilation terminated.
configure:3025: $? = 4
configure:3014: gcc -qversion >&5
gcc: error: unrecognized option '-qversion'
gcc: fatal error: no input files
compilation terminated.
configure:3025: $? = 4
configure:3045: checking whether the C compiler works
configure:3067: gcc    conftest.c  >&5
configure:3071: $? = 0
configure:3119: result: yes
configure:3122: checking for C compiler default output file name
configure:3124: result: a.out
configure:3130: checking for suffix of executables
configure:3137: gcc -o conftest    conftest.c  >&5
configure:3141: $? = 0
configure:3163: result: 
configure:3185: checking whether we are cross compiling
configure:3193: gcc -o conftest    conftest.c  >&5
configure:3197: $? = 0
configure:3204: ./conftest
configure:3208: $? = 0
configure:3223: result: no
configure:3228: checking for suffix of object files
configure:3250: gcc -c   conftest.c >&5
configure:3254: $? = 0
configure:3275: result: o
configure:3279: checking whether we are using the GNU C compiler
configure:3298: gcc -c   conftest.c >&5
configure:3298: $? = 0
configure:3307: result: yes
configure:3316: checking whether gcc accepts -g
configure:3336: gcc -c -g  conftest.c >&5
configure:3336: $? = 0
configure:3377: result: yes
configure:3394: checking for gcc option to accept ISO C89
configure:3458: gcc  -c -g -O2  conftest.c >&5
configure:3458: $? = 0
configure:3471: result: none needed
configure:3502: checking for style of include used by make
configure:3530: result: GNU
configure:3556: checking dependency style of gcc
configure:3667: result: gcc3
configure:3683: checking whether gcc and cc understand -c and -o together
configure:3714: gcc -c conftest.c -o conftest2.o >&5
configure:3718: $? = 0
configure:3724: gcc -c conftest.c -o conftest2.o >&5
configure:3728: $? = 0
configure:3739: cc -c conftest.c >&5
configure:3743: $? = 0
configure:3751: cc -c conftest.c -o conftest2.o >&5
configure:3755: $? = 0
configure:3761: cc -c conftest.c -o conftest2.o >&5
configure:3765: $? = 0
configure:3783: result: yes
configure:3812: checking for valac
configure:3830: found /usr/bin/valac
configure:3842: result: /usr/bin/valac
configure:3855: checking /usr/bin/valac is at least version 0.14.0
configure:3863: result: yes
configure:3937: checking for pkg-config
configure:3955: found /usr/bin/pkg-config
configure:3967: result: /usr/bin/pkg-config
configure:3992: checking pkg-config is at least version 0.9.0
configure:3995: result: yes
configure:4005: checking for GEE
configure:4012: $PKG_CONFIG --exists --print-errors "gee-1.0 >= $GEE_REQUIRED"
configure:4015: $? = 0
configure:4029: $PKG_CONFIG --exists --print-errors "gee-1.0 >= $GEE_REQUIRED"
configure:4032: $? = 0
configure:4090: result: yes
configure:4098: checking for GLIB
configure:4105: $PKG_CONFIG --exists --print-errors "glib-2.0 >= $GLIB_REQUIRED"
configure:4108: $? = 0
configure:4122: $PKG_CONFIG --exists --print-errors "glib-2.0 >= $GLIB_REQUIRED"
configure:4125: $? = 0
configure:4183: result: yes
configure:4191: checking for VALA
configure:4198: $PKG_CONFIG --exists --print-errors "$VALA_PACKAGE >= $VALA_REQUIRED"
configure:4201: $? = 0
configure:4215: $PKG_CONFIG --exists --print-errors "$VALA_PACKAGE >= $VALA_REQUIRED"
configure:4218: $? = 0
configure:4276: result: yes
configure:4290: checking how to run the C preprocessor
configure:4321: gcc -E  conftest.c
configure:4321: $? = 0
configure:4335: gcc -E  conftest.c
conftest.c:11:28: fatal error: ac_nonexistent.h: No such file or directory
compilation terminated.
configure:4335: $? = 1
configure: failed program was:
| /* confdefs.h */
| #define PACKAGE_NAME "Maja"
| #define PACKAGE_TARNAME "maja"
| #define PACKAGE_VERSION "0.2.0"
| #define PACKAGE_STRING "Maja 0.2.0"
| #define PACKAGE_BUGREPORT "lucabru@src.gnome.org"
| #define PACKAGE_URL ""
| #define PACKAGE "maja"
| #define VERSION "0.2.0"
| /* end confdefs.h.  */
| #include <ac_nonexistent.h>
configure:4360: result: gcc -E
configure:4380: gcc -E  conftest.c
configure:4380: $? = 0
configure:4394: gcc -E  conftest.c
conftest.c:11:28: fatal error: ac_nonexistent.h: No such file or directory
compilation terminated.
configure:4394: $? = 1
configure: failed program was:
| /* confdefs.h */
| #define PACKAGE_NAME "Maja"
| #define PACKAGE_TARNAME "maja"
| #define PACKAGE_VERSION "0.2.0"
| #define PACKAGE_STRING "Maja 0.2.0"
| #define PACKAGE_BUGREPORT "lucabru@src.gnome.org"
| #define PACKAGE_URL ""
| #define PACKAGE "maja"
| #define VERSION "0.2.0"
| /* end confdefs.h.  */
| #include <ac_nonexistent.h>
configure:4423: checking for grep that handles long lines and -e
configure:4481: result: /bin/grep
configure:4486: checking for egrep
configure:4548: result: /bin/grep -E
configure:4553: checking for ANSI C header files
configure:4573: gcc -c -g -O2  conftest.c >&5
configure:4573: $? = 0
configure:4646: gcc -o conftest -g -O2   conftest.c  >&5
configure:4646: $? = 0
configure:4646: ./conftest
configure:4646: $? = 0
configure:4657: result: yes
configure:4670: checking for sys/types.h
configure:4670: gcc -c -g -O2  conftest.c >&5
configure:4670: $? = 0
configure:4670: result: yes
configure:4670: checking for sys/stat.h
configure:4670: gcc -c -g -O2  conftest.c >&5
configure:4670: $? = 0
configure:4670: result: yes
configure:4670: checking for stdlib.h
configure:4670: gcc -c -g -O2  conftest.c >&5
configure:4670: $? = 0
configure:4670: result: yes
configure:4670: checking for string.h
configure:4670: gcc -c -g -O2  conftest.c >&5
configure:4670: $? = 0
configure:4670: result: yes
configure:4670: checking for memory.h
configure:4670: gcc -c -g -O2  conftest.c >&5
configure:4670: $? = 0
configure:4670: result: yes
configure:4670: checking for strings.h
configure:4670: gcc -c -g -O2  conftest.c >&5
configure:4670: $? = 0
configure:4670: result: yes
configure:4670: checking for inttypes.h
configure:4670: gcc -c -g -O2  conftest.c >&5
configure:4670: $? = 0
configure:4670: result: yes
configure:4670: checking for stdint.h
configure:4670: gcc -c -g -O2  conftest.c >&5
configure:4670: $? = 0
configure:4670: result: yes
configure:4670: checking for unistd.h
configure:4670: gcc -c -g -O2  conftest.c >&5
configure:4670: $? = 0
configure:4670: result: yes
configure:4685: checking for stdlib.h
configure:4685: result: yes
configure:4685: checking for string.h
configure:4685: result: yes
configure:4836: creating ./config.status

## ---------------------- ##
## Running config.status. ##
## ---------------------- ##

This file was extended by Maja config.status 0.2.0, which was
generated by GNU Autoconf 2.68.  Invocation command line was

  CONFIG_FILES    = 
  CONFIG_HEADERS  = 
  CONFIG_LINKS    = 
  CONFIG_COMMANDS = 
  $ ./config.status 

on digi-lin

config.status:891: creating Makefile
config.status:891: creating majac/Makefile
config.status:891: creating tests/Makefile
config.status:891: creating examples/Makefile
config.status:891: creating examples/qx/Makefile
config.status:891: creating examples/qx/helloworld/Makefile
config.status:891: creating maja-0.1.pc
config.status:891: creating majac/config.h
config.status:1120: executing depfiles commands

## ---------------- ##
## Cache variables. ##
## ---------------- ##

ac_cv_c_compiler_gnu=yes
ac_cv_env_CC_set=
ac_cv_env_CC_value=
ac_cv_env_CFLAGS_set=
ac_cv_env_CFLAGS_value=
ac_cv_env_CPPFLAGS_set=
ac_cv_env_CPPFLAGS_value=
ac_cv_env_CPP_set=
ac_cv_env_CPP_value=
ac_cv_env_GEE_CFLAGS_set=
ac_cv_env_GEE_CFLAGS_value=
ac_cv_env_GEE_LIBS_set=
ac_cv_env_GEE_LIBS_value=
ac_cv_env_GLIB_CFLAGS_set=
ac_cv_env_GLIB_CFLAGS_value=
ac_cv_env_GLIB_LIBS_set=
ac_cv_env_GLIB_LIBS_value=
ac_cv_env_LDFLAGS_set=
ac_cv_env_LDFLAGS_value=
ac_cv_env_LIBS_set=
ac_cv_env_LIBS_value=
ac_cv_env_PKG_CONFIG_LIBDIR_set=
ac_cv_env_PKG_CONFIG_LIBDIR_value=
ac_cv_env_PKG_CONFIG_PATH_set=
ac_cv_env_PKG_CONFIG_PATH_value=
ac_cv_env_PKG_CONFIG_set=
ac_cv_env_PKG_CONFIG_value=
ac_cv_env_VALA_CFLAGS_set=
ac_cv_env_VALA_CFLAGS_value=
ac_cv_env_VALA_LIBS_set=
ac_cv_env_VALA_LIBS_value=
ac_cv_env_build_alias_set=
ac_cv_env_build_alias_value=
ac_cv_env_host_alias_set=
ac_cv_env_host_alias_value=
ac_cv_env_target_alias_set=
ac_cv_env_target_alias_value=
ac_cv_header_inttypes_h=yes
ac_cv_header_memory_h=yes
ac_cv_header_stdc=yes
ac_cv_header_stdint_h=yes
ac_cv_header_stdlib_h=yes
ac_cv_header_string_h=yes
ac_cv_header_strings_h=yes
ac_cv_header_sys_stat_h=yes
ac_cv_header_sys_types_h=yes
ac_cv_header_unistd_h=yes
ac_cv_objext=o
ac_cv_path_EGREP='/bin/grep -E'
ac_cv_path_GREP=/bin/grep
ac_cv_path_VALAC=/usr/bin/valac
ac_cv_path_ac_pt_PKG_CONFIG=/usr/bin/pkg-config
ac_cv_path_install='/usr/bin/install -c'
ac_cv_path_mkdir=/bin/mkdir
ac_cv_prog_AWK=mawk
ac_cv_prog_CPP='gcc -E'
ac_cv_prog_ac_ct_CC=gcc
ac_cv_prog_cc_c89=
ac_cv_prog_cc_g=yes
ac_cv_prog_cc_gcc_c_o=yes
ac_cv_prog_make_make_set=yes
am_cv_CC_dependencies_compiler_type=gcc3
am_cv_make_support_nested_variables=yes
pkg_cv_GEE_CFLAGS='-I/usr/include/gee-1.0 -I/usr/include/glib-2.0 -I/usr/lib/x86_64-linux-gnu/glib-2.0/include  '
pkg_cv_GEE_LIBS='-lgee -lgobject-2.0 -lglib-2.0  '
pkg_cv_GLIB_CFLAGS='-I/usr/include/glib-2.0 -I/usr/lib/x86_64-linux-gnu/glib-2.0/include  '
pkg_cv_GLIB_LIBS='-lglib-2.0  '
pkg_cv_VALA_CFLAGS='-I/usr/include/vala-0.16 -I/usr/include/glib-2.0 -I/usr/lib/x86_64-linux-gnu/glib-2.0/include  '
pkg_cv_VALA_LIBS='-lvala-0.16 -lgobject-2.0 -lglib-2.0  '

## ----------------- ##
## Output variables. ##
## ----------------- ##

ACLOCAL='${SHELL} /home/digi/Documents/MajaC/missing --run aclocal-1.11'
AMDEPBACKSLASH='\'
AMDEP_FALSE='#'
AMDEP_TRUE=''
AMTAR='$${TAR-tar}'
AM_BACKSLASH='\'
AM_DEFAULT_V='$(AM_DEFAULT_VERBOSITY)'
AM_DEFAULT_VERBOSITY='0'
AM_V='$(V)'
AUTOCONF='${SHELL} /home/digi/Documents/MajaC/missing --run autoconf'
AUTOHEADER='${SHELL} /home/digi/Documents/MajaC/missing --run autoheader'
AUTOMAKE='${SHELL} /home/digi/Documents/MajaC/missing --run automake-1.11'
AWK='mawk'
CC='gcc'
CCDEPMODE='depmode=gcc3'
CFLAGS='-g -O2'
CPP='gcc -E'
CPPFLAGS=''
CYGPATH_W='echo'
DEFS='-DHAVE_CONFIG_H'
DEPDIR='.deps'
ECHO_C=''
ECHO_N='-n'
ECHO_T=''
EGREP='/bin/grep -E'
EXEEXT=''
GEE_CFLAGS='-I/usr/include/gee-1.0 -I/usr/include/glib-2.0 -I/usr/lib/x86_64-linux-gnu/glib-2.0/include  '
GEE_LIBS='-lgee -lgobject-2.0 -lglib-2.0  '
GLIB_CFLAGS='-I/usr/include/glib-2.0 -I/usr/lib/x86_64-linux-gnu/glib-2.0/include  '
GLIB_LIBS='-lglib-2.0  '
GREP='/bin/grep'
INSTALL_DATA='${INSTALL} -m 644'
INSTALL_PROGRAM='${INSTALL}'
INSTALL_SCRIPT='${INSTALL}'
INSTALL_STRIP_PROGRAM='$(install_sh) -c -s'
LDFLAGS=''
LIBOBJS=''
LIBS=''
LTLIBOBJS=''
MAINT=''
MAINTAINER_MODE_FALSE='#'
MAINTAINER_MODE_TRUE=''
MAJA_API_VERSION='0.1'
MAJA_MAJOR_VERSION='0'
MAJA_MICRO_VERSION='0'
MAJA_MINOR_VERSION='2'
MAJA_VERSION='0.2.0'
MAKEINFO='${SHELL} /home/digi/Documents/MajaC/missing --run makeinfo'
MKDIR_P='/bin/mkdir -p'
OBJEXT='o'
PACKAGE='maja'
PACKAGE_BUGREPORT='lucabru@src.gnome.org'
PACKAGE_NAME='Maja'
PACKAGE_STRING='Maja 0.2.0'
PACKAGE_TARNAME='maja'
PACKAGE_URL=''
PACKAGE_VERSION='0.2.0'
PATH_SEPARATOR=':'
PKG_CONFIG='/usr/bin/pkg-config'
PKG_CONFIG_LIBDIR=''
PKG_CONFIG_PATH=''
SET_MAKE=''
SHELL='/bin/bash'
STRIP=''
VALAC='/usr/bin/valac'
VALA_CFLAGS='-I/usr/include/vala-0.16 -I/usr/include/glib-2.0 -I/usr/lib/x86_64-linux-gnu/glib-2.0/include  '
VALA_LIBS='-lvala-0.16 -lgobject-2.0 -lglib-2.0  '
VALA_PACKAGE='libvala-0.16'
VERSION='0.2.0'
ac_ct_CC='gcc'
am__EXEEXT_FALSE=''
am__EXEEXT_TRUE='#'
am__fastdepCC_FALSE='#'
am__fastdepCC_TRUE=''
am__include='include'
am__isrc=''
am__leading_dot='.'
am__nodep='_no'
am__quote=''
am__tar='$${TAR-tar} chof - "$$tardir"'
am__untar='$${TAR-tar} xf -'
bindir='${exec_prefix}/bin'
build_alias=''
datadir='${datarootdir}'
datarootdir='${prefix}/share'
docdir='${datarootdir}/doc/${PACKAGE_TARNAME}'
dvidir='${docdir}'
exec_prefix='${prefix}'
host_alias=''
htmldir='${docdir}'
includedir='${prefix}/include'
infodir='${datarootdir}/info'
install_sh='${SHELL} /home/digi/Documents/MajaC/install-sh'
libdir='${exec_prefix}/lib'
libexecdir='${exec_prefix}/libexec'
localedir='${datarootdir}/locale'
localstatedir='${prefix}/var'
mandir='${datarootdir}/man'
mkdir_p='/bin/mkdir -p'
oldincludedir='/usr/include'
pdfdir='${docdir}'
prefix='/usr/local'
program_transform_name='s,x,x,'
psdir='${docdir}'
sbindir='${exec_prefix}/sbin'
sharedstatedir='${prefix}/com'
sysconfdir='${prefix}/etc'
target_alias=''

## ----------- ##
## confdefs.h. ##
## ----------- ##

/* confdefs.h */
#define PACKAGE_NAME "Maja"
#define PACKAGE_TARNAME "maja"
#define PACKAGE_VERSION "0.2.0"
#define PACKAGE_STRING "Maja 0.2.0"
#define PACKAGE_BUGREPORT "lucabru@src.gnome.org"
#define PACKAGE_URL ""
#define PACKAGE "maja"
#define VERSION "0.2.0"
#define STDC_HEADERS 1
#define HAVE_SYS_TYPES_H 1
#define HAVE_SYS_STAT_H 1
#define HAVE_STDLIB_H 1
#define HAVE_STRING_H 1
#define HAVE_MEMORY_H 1
#define HAVE_STRINGS_H 1
#define HAVE_INTTYPES_H 1
#define HAVE_STDINT_H 1
#define HAVE_UNISTD_H 1
#define HAVE_STDLIB_H 1
#define HAVE_STRING_H 1

configure: exit 0
